[  478272ms] ReferenceError: getStepContext is not defined
    at ProjectWizard (http://localhost:3001/_next/static/chunks/AplicacionesSaas_SaasFactoryManager_src_features_factory-manager_a10d0612._.js?id=%255Bproject%255D%252FAplicacionesSaas%252FSaasFactoryManager%252Fsrc%252Ffeatures%252Ffactory-manager%252Fcomponents%252Fproject-wizard.tsx+%255Bapp-client%255D+%2528ecmascript%2529:278:21)
    at Object.react_stack_bottom_frame (http://localhost:3001/_next/static/chunks/8b06d_next_dist_compiled_react-dom_a00c2227._.js:14826:24)
    at renderWithHooks (http://localhost:3001/_next/static/chunks/8b06d_next_dist_compiled_react-dom_a00c2227._.js:4651:24)
    at updateFunctionComponent (http://localhost:3001/_next/static/chunks/8b06d_next_dist_compiled_react-dom_a00c2227._.js:6112:21)
    at beginWork (http://localhost:3001/_next/static/chunks/8b06d_next_dist_compiled_react-dom_a00c2227._.js:6708:24)
    at runWithFiberInDEV (http://localhost:3001/_next/static/chunks/8b06d_next_dist_compiled_react-dom_a00c2227._.js:965:74)
    at performUnitOfWork (http://localhost:3001/_next/static/chunks/8b06d_next_dist_compiled_react-dom_a00c2227._.js:9562:97)
    at workLoopSync (http://localhost:3001/_next/static/chunks/8b06d_next_dist_compiled_react-dom_a00c2227._.js:9456:40)
    at renderRootSync (http://localhost:3001/_next/static/chunks/8b06d_next_dist_compiled_react-dom_a00c2227._.js:9440:13)
    at performWorkOnRoot (http://localhost:3001/_next/static/chunks/8b06d_next_dist_compiled_react-dom_a00c2227._.js:9105:47)
    at performSyncWorkOnRoot (http://localhost:3001/_next/static/chunks/8b06d_next_dist_compiled_react-dom_a00c2227._.js:10238:9)
    at flushSyncWorkAcrossRoots_impl (http://localhost:3001/_next/static/chunks/8b06d_next_dist_compiled_react-dom_a00c2227._.js:10154:316)
    at flushSyncWork$1 (http://localhost:3001/_next/static/chunks/8b06d_next_dist_compiled_react-dom_a00c2227._.js:9237:86)
    at Object.scheduleRefresh (http://localhost:3001/_next/static/chunks/8b06d_next_dist_compiled_react-dom_a00c2227._.js:299:13)
    at http://localhost:3001/_next/static/chunks/8b06d_next_dist_compiled_e59782dc._.js:391:33
    at Set.forEach (<anonymous>)
    at Object.performReactRefresh (http://localhost:3001/_next/static/chunks/8b06d_next_dist_compiled_e59782dc._.js:384:38)
    at applyUpdate (http://localhost:3001/_next/static/chunks/8b06d_next_dist_compiled_e59782dc._.js:878:31)
    at http://localhost:3001/_next/static/chunks/8b06d_next_dist_compiled_e59782dc._.js:886:13
[  483419ms] [WARNING] [Fast Refresh] performing full reload because your application had an unrecoverable error @ http://localhost:3001/_next/static/chunks/8b06d_next_dist_d9ecd7c9._.js:2297
