[   68338ms] [ERROR] WebSocket connection to 'ws://localhost:3000/_next/webpack-hmr?id=mYuqZEfrXZHs24NTjuuXl' failed:  @ http://localhost:3000/_next/static/chunks/8b06d_next_dist_client_c9e357ed._.js:10878
[   68402ms] TypeError: Failed to fetch
    at fetchServerAction (http://localhost:3000/_next/static/chunks/8b06d_next_dist_client_c9e357ed._.js:8817:23)
[   68354ms] [ERROR] Failed to fetch RSC payload for http://localhost:3000/reports. Falling back to browser navigation. TypeError: Failed to fetch
    at createFetch (http://localhost:3000/_next/static/chunks/8b06d_next_dist_client_c9e357ed._.js:2588:24)
    at fetchServerResponse (http://localhost:3000/_next/static/chunks/8b06d_next_dist_client_c9e357ed._.js:2490:27)
    at navigateDynamicallyWithNoPrefetch (http://localhost:3000/_next/static/chunks/8b06d_next_dist_client_c9e357ed._.js:7943:90)
    at navigate (http://localhost:3000/_next/static/chunks/8b06d_next_dist_client_c9e357ed._.js:7728:15)
    at navigateReducer (http://localhost:3000/_next/static/chunks/8b06d_next_dist_client_c9e357ed._.js:8239:45)
    at clientReducer (http://localhost:3000/_next/static/chunks/8b06d_next_dist_client_c9e357ed._.js:9065:61)
    at Object.action (http://localhost:3000/_next/static/chunks/8b06d_next_dist_client_c9e357ed._.js:9310:55)
    at runAction (http://localhost:3000/_next/static/chunks/8b06d_next_dist_client_c9e357ed._.js:9215:38)
    at dispatchAction (http://localhost:3000/_next/static/chunks/8b06d_next_dist_client_c9e357ed._.js:9290:9)
    at Object.dispatch (http://localhost:3000/_next/static/chunks/8b06d_next_dist_client_c9e357ed._.js:9308:40)
    at http://localhost:3000/_next/static/chunks/8b06d_next_dist_client_c9e357ed._.js:1489:29
    at startTransition (http://localhost:3000/_next/static/chunks/8b06d_next_dist_compiled_react-dom_a00c2227._.js:5500:31)
    at dispatch (http://localhost:3000/_next/static/chunks/8b06d_next_dist_client_c9e357ed._.js:1488:13)
    at dispatchAppRouterAction (http://localhost:3000/_next/static/chunks/8b06d_next_dist_client_c9e357ed._.js:1470:5)
    at dispatchNavigateAction (http://localhost:3000/_next/static/chunks/8b06d_next_dist_client_c9e357ed._.js:9362:49)
    at http://localhost:3000/_next/static/chunks/8b06d_25bb5339._.js:844:13
    at Object.startTransition (http://localhost:3000/_next/static/chunks/8b06d_next_dist_compiled_e59782dc._.js:1279:31)
    at linkClicked (http://localhost:3000/_next/static/chunks/8b06d_25bb5339._.js:843:24)
    at onClick (http://localhost:3000/_next/static/chunks/8b06d_25bb5339._.js:1084:13)
    at executeDispatch (http://localhost:3000/_next/static/chunks/8b06d_next_dist_compiled_react-dom_a00c2227._.js:10314:13)
    at runWithFiberInDEV (http://localhost:3000/_next/static/chunks/8b06d_next_dist_compiled_react-dom_a00c2227._.js:965:74)
    at processDispatchQueue (http://localhost:3000/_next/static/chunks/8b06d_next_dist_compiled_react-dom_a00c2227._.js:10340:41)
    at http://localhost:3000/_next/static/chunks/8b06d_next_dist_compiled_react-dom_a00c2227._.js:10615:13
    at batchedUpdates$1 (http://localhost:3000/_next/static/chunks/8b06d_next_dist_compiled_react-dom_a00c2227._.js:2253:44)
    at dispatchEventForPluginEventSystem (http://localhost:3000/_next/static/chunks/8b06d_next_dist_compiled_react-dom_a00c2227._.js:10416:9)
    at dispatchEvent (http://localhost:3000/_next/static/chunks/8b06d_next_dist_compiled_react-dom_a00c2227._.js:12935:37)
    at dispatchDiscreteEvent (http://localhost:3000/_next/static/chunks/8b06d_next_dist_compiled_react-dom_a00c2227._.js:12917:64) @ http://localhost:3000/_next/static/chunks/8b06d_next_dist_d9ecd7c9._.js:3127
[   68355ms] [ERROR] Failed to fetch RSC payload for http://localhost:3000/factory. Falling back to browser navigation. TypeError: Failed to fetch
    at createFetch (http://localhost:3000/_next/static/chunks/8b06d_next_dist_client_c9e357ed._.js:2588:24)
    at fetchServerResponse (http://localhost:3000/_next/static/chunks/8b06d_next_dist_client_c9e357ed._.js:2490:27)
    at navigateDynamicallyWithNoPrefetch (http://localhost:3000/_next/static/chunks/8b06d_next_dist_client_c9e357ed._.js:7943:90)
    at navigate (http://localhost:3000/_next/static/chunks/8b06d_next_dist_client_c9e357ed._.js:7728:15)
    at navigateReducer (http://localhost:3000/_next/static/chunks/8b06d_next_dist_client_c9e357ed._.js:8239:45)
    at clientReducer (http://localhost:3000/_next/static/chunks/8b06d_next_dist_client_c9e357ed._.js:9065:61)
    at Object.action (http://localhost:3000/_next/static/chunks/8b06d_next_dist_client_c9e357ed._.js:9310:55)
    at runAction (http://localhost:3000/_next/static/chunks/8b06d_next_dist_client_c9e357ed._.js:9215:38)
    at dispatchAction (http://localhost:3000/_next/static/chunks/8b06d_next_dist_client_c9e357ed._.js:9290:9)
    at Object.dispatch (http://localhost:3000/_next/static/chunks/8b06d_next_dist_client_c9e357ed._.js:9308:40)
    at http://localhost:3000/_next/static/chunks/8b06d_next_dist_client_c9e357ed._.js:1489:29
    at startTransition (http://localhost:3000/_next/static/chunks/8b06d_next_dist_compiled_react-dom_a00c2227._.js:5500:31)
    at dispatch (http://localhost:3000/_next/static/chunks/8b06d_next_dist_client_c9e357ed._.js:1488:13)
    at dispatchAppRouterAction (http://localhost:3000/_next/static/chunks/8b06d_next_dist_client_c9e357ed._.js:1470:5)
    at dispatchNavigateAction (http://localhost:3000/_next/static/chunks/8b06d_next_dist_client_c9e357ed._.js:9362:49)
    at http://localhost:3000/_next/static/chunks/8b06d_25bb5339._.js:844:13
    at Object.startTransition (http://localhost:3000/_next/static/chunks/8b06d_next_dist_compiled_e59782dc._.js:1279:31)
    at linkClicked (http://localhost:3000/_next/static/chunks/8b06d_25bb5339._.js:843:24)
    at onClick (http://localhost:3000/_next/static/chunks/8b06d_25bb5339._.js:1084:13)
    at executeDispatch (http://localhost:3000/_next/static/chunks/8b06d_next_dist_compiled_react-dom_a00c2227._.js:10314:13)
    at runWithFiberInDEV (http://localhost:3000/_next/static/chunks/8b06d_next_dist_compiled_react-dom_a00c2227._.js:965:74)
    at processDispatchQueue (http://localhost:3000/_next/static/chunks/8b06d_next_dist_compiled_react-dom_a00c2227._.js:10340:41)
    at http://localhost:3000/_next/static/chunks/8b06d_next_dist_compiled_react-dom_a00c2227._.js:10615:13
    at batchedUpdates$1 (http://localhost:3000/_next/static/chunks/8b06d_next_dist_compiled_react-dom_a00c2227._.js:2253:44)
    at dispatchEventForPluginEventSystem (http://localhost:3000/_next/static/chunks/8b06d_next_dist_compiled_react-dom_a00c2227._.js:10416:9)
    at dispatchEvent (http://localhost:3000/_next/static/chunks/8b06d_next_dist_compiled_react-dom_a00c2227._.js:12935:37)
    at dispatchDiscreteEvent (http://localhost:3000/_next/static/chunks/8b06d_next_dist_compiled_react-dom_a00c2227._.js:12917:64) @ http://localhost:3000/_next/static/chunks/8b06d_next_dist_d9ecd7c9._.js:3127
[   68356ms] [ERROR] Failed to fetch RSC payload for http://localhost:3000/factory. Falling back to browser navigation. TypeError: Failed to fetch
    at createFetch (http://localhost:3000/_next/static/chunks/8b06d_next_dist_client_c9e357ed._.js:2588:24)
    at fetchServerResponse (http://localhost:3000/_next/static/chunks/8b06d_next_dist_client_c9e357ed._.js:2490:27)
    at navigateDynamicallyWithNoPrefetch (http://localhost:3000/_next/static/chunks/8b06d_next_dist_client_c9e357ed._.js:7943:90)
    at navigate (http://localhost:3000/_next/static/chunks/8b06d_next_dist_client_c9e357ed._.js:7728:15)
    at navigateReducer (http://localhost:3000/_next/static/chunks/8b06d_next_dist_client_c9e357ed._.js:8239:45)
    at clientReducer (http://localhost:3000/_next/static/chunks/8b06d_next_dist_client_c9e357ed._.js:9065:61)
    at Object.action (http://localhost:3000/_next/static/chunks/8b06d_next_dist_client_c9e357ed._.js:9310:55)
    at runAction (http://localhost:3000/_next/static/chunks/8b06d_next_dist_client_c9e357ed._.js:9215:38)
    at dispatchAction (http://localhost:3000/_next/static/chunks/8b06d_next_dist_client_c9e357ed._.js:9290:9)
    at Object.dispatch (http://localhost:3000/_next/static/chunks/8b06d_next_dist_client_c9e357ed._.js:9308:40)
    at http://localhost:3000/_next/static/chunks/8b06d_next_dist_client_c9e357ed._.js:1489:29
    at startTransition (http://localhost:3000/_next/static/chunks/8b06d_next_dist_compiled_react-dom_a00c2227._.js:5500:31)
    at dispatch (http://localhost:3000/_next/static/chunks/8b06d_next_dist_client_c9e357ed._.js:1488:13)
    at dispatchAppRouterAction (http://localhost:3000/_next/static/chunks/8b06d_next_dist_client_c9e357ed._.js:1470:5)
    at dispatchNavigateAction (http://localhost:3000/_next/static/chunks/8b06d_next_dist_client_c9e357ed._.js:9362:49)
    at http://localhost:3000/_next/static/chunks/8b06d_25bb5339._.js:844:13
    at Object.startTransition (http://localhost:3000/_next/static/chunks/8b06d_next_dist_compiled_e59782dc._.js:1279:31)
    at linkClicked (http://localhost:3000/_next/static/chunks/8b06d_25bb5339._.js:843:24)
    at onClick (http://localhost:3000/_next/static/chunks/8b06d_25bb5339._.js:1084:13)
    at executeDispatch (http://localhost:3000/_next/static/chunks/8b06d_next_dist_compiled_react-dom_a00c2227._.js:10314:13)
    at runWithFiberInDEV (http://localhost:3000/_next/static/chunks/8b06d_next_dist_compiled_react-dom_a00c2227._.js:965:74)
    at processDispatchQueue (http://localhost:3000/_next/static/chunks/8b06d_next_dist_compiled_react-dom_a00c2227._.js:10340:41)
    at http://localhost:3000/_next/static/chunks/8b06d_next_dist_compiled_react-dom_a00c2227._.js:10615:13
    at batchedUpdates$1 (http://localhost:3000/_next/static/chunks/8b06d_next_dist_compiled_react-dom_a00c2227._.js:2253:44)
    at dispatchEventForPluginEventSystem (http://localhost:3000/_next/static/chunks/8b06d_next_dist_compiled_react-dom_a00c2227._.js:10416:9)
    at dispatchEvent (http://localhost:3000/_next/static/chunks/8b06d_next_dist_compiled_react-dom_a00c2227._.js:12935:37)
    at dispatchDiscreteEvent (http://localhost:3000/_next/static/chunks/8b06d_next_dist_compiled_react-dom_a00c2227._.js:12917:64) @ http://localhost:3000/_next/static/chunks/8b06d_next_dist_d9ecd7c9._.js:3127
[   68356ms] [ERROR] Failed to fetch RSC payload for http://localhost:3000/reports. Falling back to browser navigation. TypeError: Failed to fetch
    at createFetch (http://localhost:3000/_next/static/chunks/8b06d_next_dist_client_c9e357ed._.js:2588:24)
    at fetchServerResponse (http://localhost:3000/_next/static/chunks/8b06d_next_dist_client_c9e357ed._.js:2490:27)
    at navigateDynamicallyWithNoPrefetch (http://localhost:3000/_next/static/chunks/8b06d_next_dist_client_c9e357ed._.js:7943:90)
    at navigate (http://localhost:3000/_next/static/chunks/8b06d_next_dist_client_c9e357ed._.js:7728:15)
    at navigateReducer (http://localhost:3000/_next/static/chunks/8b06d_next_dist_client_c9e357ed._.js:8239:45)
    at clientReducer (http://localhost:3000/_next/static/chunks/8b06d_next_dist_client_c9e357ed._.js:9065:61)
    at Object.action (http://localhost:3000/_next/static/chunks/8b06d_next_dist_client_c9e357ed._.js:9310:55)
    at runAction (http://localhost:3000/_next/static/chunks/8b06d_next_dist_client_c9e357ed._.js:9215:38)
    at dispatchAction (http://localhost:3000/_next/static/chunks/8b06d_next_dist_client_c9e357ed._.js:9290:9)
    at Object.dispatch (http://localhost:3000/_next/static/chunks/8b06d_next_dist_client_c9e357ed._.js:9308:40)
    at http://localhost:3000/_next/static/chunks/8b06d_next_dist_client_c9e357ed._.js:1489:29
    at startTransition (http://localhost:3000/_next/static/chunks/8b06d_next_dist_compiled_react-dom_a00c2227._.js:5500:31)
    at dispatch (http://localhost:3000/_next/static/chunks/8b06d_next_dist_client_c9e357ed._.js:1488:13)
    at dispatchAppRouterAction (http://localhost:3000/_next/static/chunks/8b06d_next_dist_client_c9e357ed._.js:1470:5)
    at dispatchNavigateAction (http://localhost:3000/_next/static/chunks/8b06d_next_dist_client_c9e357ed._.js:9362:49)
    at http://localhost:3000/_next/static/chunks/8b06d_25bb5339._.js:844:13
    at Object.startTransition (http://localhost:3000/_next/static/chunks/8b06d_next_dist_compiled_e59782dc._.js:1279:31)
    at linkClicked (http://localhost:3000/_next/static/chunks/8b06d_25bb5339._.js:843:24)
    at onClick (http://localhost:3000/_next/static/chunks/8b06d_25bb5339._.js:1084:13)
    at executeDispatch (http://localhost:3000/_next/static/chunks/8b06d_next_dist_compiled_react-dom_a00c2227._.js:10314:13)
    at runWithFiberInDEV (http://localhost:3000/_next/static/chunks/8b06d_next_dist_compiled_react-dom_a00c2227._.js:965:74)
    at processDispatchQueue (http://localhost:3000/_next/static/chunks/8b06d_next_dist_compiled_react-dom_a00c2227._.js:10340:41)
    at http://localhost:3000/_next/static/chunks/8b06d_next_dist_compiled_react-dom_a00c2227._.js:10615:13
    at batchedUpdates$1 (http://localhost:3000/_next/static/chunks/8b06d_next_dist_compiled_react-dom_a00c2227._.js:2253:44)
    at dispatchEventForPluginEventSystem (http://localhost:3000/_next/static/chunks/8b06d_next_dist_compiled_react-dom_a00c2227._.js:10416:9)
    at dispatchEvent (http://localhost:3000/_next/static/chunks/8b06d_next_dist_compiled_react-dom_a00c2227._.js:12935:37)
    at dispatchDiscreteEvent (http://localhost:3000/_next/static/chunks/8b06d_next_dist_compiled_react-dom_a00c2227._.js:12917:64) @ http://localhost:3000/_next/static/chunks/8b06d_next_dist_d9ecd7c9._.js:3127
[   68357ms] [ERROR] Failed to fetch RSC payload for http://localhost:3000/settings. Falling back to browser navigation. TypeError: Failed to fetch
    at createFetch (http://localhost:3000/_next/static/chunks/8b06d_next_dist_client_c9e357ed._.js:2588:24)
    at fetchServerResponse (http://localhost:3000/_next/static/chunks/8b06d_next_dist_client_c9e357ed._.js:2490:27)
    at navigateDynamicallyWithNoPrefetch (http://localhost:3000/_next/static/chunks/8b06d_next_dist_client_c9e357ed._.js:7943:90)
    at navigate (http://localhost:3000/_next/static/chunks/8b06d_next_dist_client_c9e357ed._.js:7728:15)
    at navigateReducer (http://localhost:3000/_next/static/chunks/8b06d_next_dist_client_c9e357ed._.js:8239:45)
    at clientReducer (http://localhost:3000/_next/static/chunks/8b06d_next_dist_client_c9e357ed._.js:9065:61)
    at Object.action (http://localhost:3000/_next/static/chunks/8b06d_next_dist_client_c9e357ed._.js:9310:55)
    at runAction (http://localhost:3000/_next/static/chunks/8b06d_next_dist_client_c9e357ed._.js:9215:38)
    at dispatchAction (http://localhost:3000/_next/static/chunks/8b06d_next_dist_client_c9e357ed._.js:9290:9)
    at Object.dispatch (http://localhost:3000/_next/static/chunks/8b06d_next_dist_client_c9e357ed._.js:9308:40)
    at http://localhost:3000/_next/static/chunks/8b06d_next_dist_client_c9e357ed._.js:1489:29
    at startTransition (http://localhost:3000/_next/static/chunks/8b06d_next_dist_compiled_react-dom_a00c2227._.js:5500:31)
    at dispatch (http://localhost:3000/_next/static/chunks/8b06d_next_dist_client_c9e357ed._.js:1488:13)
    at dispatchAppRouterAction (http://localhost:3000/_next/static/chunks/8b06d_next_dist_client_c9e357ed._.js:1470:5)
    at dispatchNavigateAction (http://localhost:3000/_next/static/chunks/8b06d_next_dist_client_c9e357ed._.js:9362:49)
    at http://localhost:3000/_next/static/chunks/8b06d_25bb5339._.js:844:13
    at Object.startTransition (http://localhost:3000/_next/static/chunks/8b06d_next_dist_compiled_e59782dc._.js:1279:31)
    at linkClicked (http://localhost:3000/_next/static/chunks/8b06d_25bb5339._.js:843:24)
    at onClick (http://localhost:3000/_next/static/chunks/8b06d_25bb5339._.js:1084:13)
    at executeDispatch (http://localhost:3000/_next/static/chunks/8b06d_next_dist_compiled_react-dom_a00c2227._.js:10314:13)
    at runWithFiberInDEV (http://localhost:3000/_next/static/chunks/8b06d_next_dist_compiled_react-dom_a00c2227._.js:965:74)
    at processDispatchQueue (http://localhost:3000/_next/static/chunks/8b06d_next_dist_compiled_react-dom_a00c2227._.js:10340:41)
    at http://localhost:3000/_next/static/chunks/8b06d_next_dist_compiled_react-dom_a00c2227._.js:10615:13
    at batchedUpdates$1 (http://localhost:3000/_next/static/chunks/8b06d_next_dist_compiled_react-dom_a00c2227._.js:2253:44)
    at dispatchEventForPluginEventSystem (http://localhost:3000/_next/static/chunks/8b06d_next_dist_compiled_react-dom_a00c2227._.js:10416:9)
    at dispatchEvent (http://localhost:3000/_next/static/chunks/8b06d_next_dist_compiled_react-dom_a00c2227._.js:12935:37)
    at dispatchDiscreteEvent (http://localhost:3000/_next/static/chunks/8b06d_next_dist_compiled_react-dom_a00c2227._.js:12917:64) @ http://localhost:3000/_next/static/chunks/8b06d_next_dist_d9ecd7c9._.js:3127
[   68357ms] [ERROR] Failed to fetch RSC payload for http://localhost:3000/settings. Falling back to browser navigation. TypeError: Failed to fetch
    at createFetch (http://localhost:3000/_next/static/chunks/8b06d_next_dist_client_c9e357ed._.js:2588:24)
    at fetchServerResponse (http://localhost:3000/_next/static/chunks/8b06d_next_dist_client_c9e357ed._.js:2490:27)
    at navigateDynamicallyWithNoPrefetch (http://localhost:3000/_next/static/chunks/8b06d_next_dist_client_c9e357ed._.js:7943:90)
    at navigate (http://localhost:3000/_next/static/chunks/8b06d_next_dist_client_c9e357ed._.js:7728:15)
    at navigateReducer (http://localhost:3000/_next/static/chunks/8b06d_next_dist_client_c9e357ed._.js:8239:45)
    at clientReducer (http://localhost:3000/_next/static/chunks/8b06d_next_dist_client_c9e357ed._.js:9065:61)
    at Object.action (http://localhost:3000/_next/static/chunks/8b06d_next_dist_client_c9e357ed._.js:9310:55)
    at runAction (http://localhost:3000/_next/static/chunks/8b06d_next_dist_client_c9e357ed._.js:9215:38)
    at dispatchAction (http://localhost:3000/_next/static/chunks/8b06d_next_dist_client_c9e357ed._.js:9290:9)
    at Object.dispatch (http://localhost:3000/_next/static/chunks/8b06d_next_dist_client_c9e357ed._.js:9308:40)
    at http://localhost:3000/_next/static/chunks/8b06d_next_dist_client_c9e357ed._.js:1489:29
    at startTransition (http://localhost:3000/_next/static/chunks/8b06d_next_dist_compiled_react-dom_a00c2227._.js:5500:31)
    at dispatch (http://localhost:3000/_next/static/chunks/8b06d_next_dist_client_c9e357ed._.js:1488:13)
    at dispatchAppRouterAction (http://localhost:3000/_next/static/chunks/8b06d_next_dist_client_c9e357ed._.js:1470:5)
    at dispatchNavigateAction (http://localhost:3000/_next/static/chunks/8b06d_next_dist_client_c9e357ed._.js:9362:49)
    at http://localhost:3000/_next/static/chunks/8b06d_25bb5339._.js:844:13
    at Object.startTransition (http://localhost:3000/_next/static/chunks/8b06d_next_dist_compiled_e59782dc._.js:1279:31)
    at linkClicked (http://localhost:3000/_next/static/chunks/8b06d_25bb5339._.js:843:24)
    at onClick (http://localhost:3000/_next/static/chunks/8b06d_25bb5339._.js:1084:13)
    at executeDispatch (http://localhost:3000/_next/static/chunks/8b06d_next_dist_compiled_react-dom_a00c2227._.js:10314:13)
    at runWithFiberInDEV (http://localhost:3000/_next/static/chunks/8b06d_next_dist_compiled_react-dom_a00c2227._.js:965:74)
    at processDispatchQueue (http://localhost:3000/_next/static/chunks/8b06d_next_dist_compiled_react-dom_a00c2227._.js:10340:41)
    at http://localhost:3000/_next/static/chunks/8b06d_next_dist_compiled_react-dom_a00c2227._.js:10615:13
    at batchedUpdates$1 (http://localhost:3000/_next/static/chunks/8b06d_next_dist_compiled_react-dom_a00c2227._.js:2253:44)
    at dispatchEventForPluginEventSystem (http://localhost:3000/_next/static/chunks/8b06d_next_dist_compiled_react-dom_a00c2227._.js:10416:9)
    at dispatchEvent (http://localhost:3000/_next/static/chunks/8b06d_next_dist_compiled_react-dom_a00c2227._.js:12935:37)
    at dispatchDiscreteEvent (http://localhost:3000/_next/static/chunks/8b06d_next_dist_compiled_react-dom_a00c2227._.js:12917:64) @ http://localhost:3000/_next/static/chunks/8b06d_next_dist_d9ecd7c9._.js:3127
[   68357ms] [ERROR] Failed to fetch RSC payload for http://localhost:3000/dashboard. Falling back to browser navigation. TypeError: Failed to fetch
    at createFetch (http://localhost:3000/_next/static/chunks/8b06d_next_dist_client_c9e357ed._.js:2588:24)
    at fetchServerResponse (http://localhost:3000/_next/static/chunks/8b06d_next_dist_client_c9e357ed._.js:2490:27)
    at navigateDynamicallyWithNoPrefetch (http://localhost:3000/_next/static/chunks/8b06d_next_dist_client_c9e357ed._.js:7943:90)
    at navigate (http://localhost:3000/_next/static/chunks/8b06d_next_dist_client_c9e357ed._.js:7728:15)
    at navigateReducer (http://localhost:3000/_next/static/chunks/8b06d_next_dist_client_c9e357ed._.js:8239:45)
    at clientReducer (http://localhost:3000/_next/static/chunks/8b06d_next_dist_client_c9e357ed._.js:9065:61)
    at Object.action (http://localhost:3000/_next/static/chunks/8b06d_next_dist_client_c9e357ed._.js:9310:55)
    at runAction (http://localhost:3000/_next/static/chunks/8b06d_next_dist_client_c9e357ed._.js:9215:38)
    at dispatchAction (http://localhost:3000/_next/static/chunks/8b06d_next_dist_client_c9e357ed._.js:9290:9)
    at Object.dispatch (http://localhost:3000/_next/static/chunks/8b06d_next_dist_client_c9e357ed._.js:9308:40)
    at http://localhost:3000/_next/static/chunks/8b06d_next_dist_client_c9e357ed._.js:1489:29
    at startTransition (http://localhost:3000/_next/static/chunks/8b06d_next_dist_compiled_react-dom_a00c2227._.js:5500:31)
    at dispatch (http://localhost:3000/_next/static/chunks/8b06d_next_dist_client_c9e357ed._.js:1488:13)
    at dispatchAppRouterAction (http://localhost:3000/_next/static/chunks/8b06d_next_dist_client_c9e357ed._.js:1470:5)
    at dispatchNavigateAction (http://localhost:3000/_next/static/chunks/8b06d_next_dist_client_c9e357ed._.js:9362:49)
    at http://localhost:3000/_next/static/chunks/8b06d_25bb5339._.js:844:13
    at Object.startTransition (http://localhost:3000/_next/static/chunks/8b06d_next_dist_compiled_e59782dc._.js:1279:31)
    at linkClicked (http://localhost:3000/_next/static/chunks/8b06d_25bb5339._.js:843:24)
    at onClick (http://localhost:3000/_next/static/chunks/8b06d_25bb5339._.js:1084:13)
    at executeDispatch (http://localhost:3000/_next/static/chunks/8b06d_next_dist_compiled_react-dom_a00c2227._.js:10314:13)
    at runWithFiberInDEV (http://localhost:3000/_next/static/chunks/8b06d_next_dist_compiled_react-dom_a00c2227._.js:965:74)
    at processDispatchQueue (http://localhost:3000/_next/static/chunks/8b06d_next_dist_compiled_react-dom_a00c2227._.js:10340:41)
    at http://localhost:3000/_next/static/chunks/8b06d_next_dist_compiled_react-dom_a00c2227._.js:10615:13
    at batchedUpdates$1 (http://localhost:3000/_next/static/chunks/8b06d_next_dist_compiled_react-dom_a00c2227._.js:2253:44)
    at dispatchEventForPluginEventSystem (http://localhost:3000/_next/static/chunks/8b06d_next_dist_compiled_react-dom_a00c2227._.js:10416:9)
    at dispatchEvent (http://localhost:3000/_next/static/chunks/8b06d_next_dist_compiled_react-dom_a00c2227._.js:12935:37)
    at dispatchDiscreteEvent (http://localhost:3000/_next/static/chunks/8b06d_next_dist_compiled_react-dom_a00c2227._.js:12917:64) @ http://localhost:3000/_next/static/chunks/8b06d_next_dist_d9ecd7c9._.js:3127
[   68358ms] [ERROR] Failed to fetch RSC payload for http://localhost:3000/settings. Falling back to browser navigation. TypeError: Failed to fetch
    at createFetch (http://localhost:3000/_next/static/chunks/8b06d_next_dist_client_c9e357ed._.js:2588:24)
    at fetchServerResponse (http://localhost:3000/_next/static/chunks/8b06d_next_dist_client_c9e357ed._.js:2490:27)
    at navigateDynamicallyWithNoPrefetch (http://localhost:3000/_next/static/chunks/8b06d_next_dist_client_c9e357ed._.js:7943:90)
    at navigate (http://localhost:3000/_next/static/chunks/8b06d_next_dist_client_c9e357ed._.js:7728:15)
    at navigateReducer (http://localhost:3000/_next/static/chunks/8b06d_next_dist_client_c9e357ed._.js:8239:45)
    at clientReducer (http://localhost:3000/_next/static/chunks/8b06d_next_dist_client_c9e357ed._.js:9065:61)
    at Object.action (http://localhost:3000/_next/static/chunks/8b06d_next_dist_client_c9e357ed._.js:9310:55)
    at runAction (http://localhost:3000/_next/static/chunks/8b06d_next_dist_client_c9e357ed._.js:9215:38)
    at dispatchAction (http://localhost:3000/_next/static/chunks/8b06d_next_dist_client_c9e357ed._.js:9290:9)
    at Object.dispatch (http://localhost:3000/_next/static/chunks/8b06d_next_dist_client_c9e357ed._.js:9308:40)
    at http://localhost:3000/_next/static/chunks/8b06d_next_dist_client_c9e357ed._.js:1489:29
    at startTransition (http://localhost:3000/_next/static/chunks/8b06d_next_dist_compiled_react-dom_a00c2227._.js:5500:31)
    at dispatch (http://localhost:3000/_next/static/chunks/8b06d_next_dist_client_c9e357ed._.js:1488:13)
    at dispatchAppRouterAction (http://localhost:3000/_next/static/chunks/8b06d_next_dist_client_c9e357ed._.js:1470:5)
    at dispatchNavigateAction (http://localhost:3000/_next/static/chunks/8b06d_next_dist_client_c9e357ed._.js:9362:49)
    at http://localhost:3000/_next/static/chunks/8b06d_25bb5339._.js:844:13
    at Object.startTransition (http://localhost:3000/_next/static/chunks/8b06d_next_dist_compiled_e59782dc._.js:1279:31)
    at linkClicked (http://localhost:3000/_next/static/chunks/8b06d_25bb5339._.js:843:24)
    at onClick (http://localhost:3000/_next/static/chunks/8b06d_25bb5339._.js:1084:13)
    at executeDispatch (http://localhost:3000/_next/static/chunks/8b06d_next_dist_compiled_react-dom_a00c2227._.js:10314:13)
    at runWithFiberInDEV (http://localhost:3000/_next/static/chunks/8b06d_next_dist_compiled_react-dom_a00c2227._.js:965:74)
    at processDispatchQueue (http://localhost:3000/_next/static/chunks/8b06d_next_dist_compiled_react-dom_a00c2227._.js:10340:41)
    at http://localhost:3000/_next/static/chunks/8b06d_next_dist_compiled_react-dom_a00c2227._.js:10615:13
    at batchedUpdates$1 (http://localhost:3000/_next/static/chunks/8b06d_next_dist_compiled_react-dom_a00c2227._.js:2253:44)
    at dispatchEventForPluginEventSystem (http://localhost:3000/_next/static/chunks/8b06d_next_dist_compiled_react-dom_a00c2227._.js:10416:9)
    at dispatchEvent (http://localhost:3000/_next/static/chunks/8b06d_next_dist_compiled_react-dom_a00c2227._.js:12935:37)
    at dispatchDiscreteEvent (http://localhost:3000/_next/static/chunks/8b06d_next_dist_compiled_react-dom_a00c2227._.js:12917:64) @ http://localhost:3000/_next/static/chunks/8b06d_next_dist_d9ecd7c9._.js:3127
[   68358ms] [ERROR] Failed to fetch RSC payload for http://localhost:3000/dashboard. Falling back to browser navigation. TypeError: Failed to fetch
    at createFetch (http://localhost:3000/_next/static/chunks/8b06d_next_dist_client_c9e357ed._.js:2588:24)
    at fetchServerResponse (http://localhost:3000/_next/static/chunks/8b06d_next_dist_client_c9e357ed._.js:2490:27)
    at navigateDynamicallyWithNoPrefetch (http://localhost:3000/_next/static/chunks/8b06d_next_dist_client_c9e357ed._.js:7943:90)
    at navigate (http://localhost:3000/_next/static/chunks/8b06d_next_dist_client_c9e357ed._.js:7728:15)
    at navigateReducer (http://localhost:3000/_next/static/chunks/8b06d_next_dist_client_c9e357ed._.js:8239:45)
    at clientReducer (http://localhost:3000/_next/static/chunks/8b06d_next_dist_client_c9e357ed._.js:9065:61)
    at Object.action (http://localhost:3000/_next/static/chunks/8b06d_next_dist_client_c9e357ed._.js:9310:55)
    at runAction (http://localhost:3000/_next/static/chunks/8b06d_next_dist_client_c9e357ed._.js:9215:38)
    at dispatchAction (http://localhost:3000/_next/static/chunks/8b06d_next_dist_client_c9e357ed._.js:9290:9)
    at Object.dispatch (http://localhost:3000/_next/static/chunks/8b06d_next_dist_client_c9e357ed._.js:9308:40)
    at http://localhost:3000/_next/static/chunks/8b06d_next_dist_client_c9e357ed._.js:1489:29
    at startTransition (http://localhost:3000/_next/static/chunks/8b06d_next_dist_compiled_react-dom_a00c2227._.js:5500:31)
    at dispatch (http://localhost:3000/_next/static/chunks/8b06d_next_dist_client_c9e357ed._.js:1488:13)
    at dispatchAppRouterAction (http://localhost:3000/_next/static/chunks/8b06d_next_dist_client_c9e357ed._.js:1470:5)
    at dispatchNavigateAction (http://localhost:3000/_next/static/chunks/8b06d_next_dist_client_c9e357ed._.js:9362:49)
    at http://localhost:3000/_next/static/chunks/8b06d_25bb5339._.js:844:13
    at Object.startTransition (http://localhost:3000/_next/static/chunks/8b06d_next_dist_compiled_e59782dc._.js:1279:31)
    at linkClicked (http://localhost:3000/_next/static/chunks/8b06d_25bb5339._.js:843:24)
    at onClick (http://localhost:3000/_next/static/chunks/8b06d_25bb5339._.js:1084:13)
    at executeDispatch (http://localhost:3000/_next/static/chunks/8b06d_next_dist_compiled_react-dom_a00c2227._.js:10314:13)
    at runWithFiberInDEV (http://localhost:3000/_next/static/chunks/8b06d_next_dist_compiled_react-dom_a00c2227._.js:965:74)
    at processDispatchQueue (http://localhost:3000/_next/static/chunks/8b06d_next_dist_compiled_react-dom_a00c2227._.js:10340:41)
    at http://localhost:3000/_next/static/chunks/8b06d_next_dist_compiled_react-dom_a00c2227._.js:10615:13
    at batchedUpdates$1 (http://localhost:3000/_next/static/chunks/8b06d_next_dist_compiled_react-dom_a00c2227._.js:2253:44)
    at dispatchEventForPluginEventSystem (http://localhost:3000/_next/static/chunks/8b06d_next_dist_compiled_react-dom_a00c2227._.js:10416:9)
    at dispatchEvent (http://localhost:3000/_next/static/chunks/8b06d_next_dist_compiled_react-dom_a00c2227._.js:12935:37)
    at dispatchDiscreteEvent (http://localhost:3000/_next/static/chunks/8b06d_next_dist_compiled_react-dom_a00c2227._.js:12917:64) @ http://localhost:3000/_next/static/chunks/8b06d_next_dist_d9ecd7c9._.js:3127
[   68359ms] [ERROR] Failed to fetch RSC payload for http://localhost:3000/skills. Falling back to browser navigation. TypeError: Failed to fetch
    at createFetch (http://localhost:3000/_next/static/chunks/8b06d_next_dist_client_c9e357ed._.js:2588:24)
    at fetchServerResponse (http://localhost:3000/_next/static/chunks/8b06d_next_dist_client_c9e357ed._.js:2490:27)
    at navigateDynamicallyWithNoPrefetch (http://localhost:3000/_next/static/chunks/8b06d_next_dist_client_c9e357ed._.js:7943:90)
    at navigate (http://localhost:3000/_next/static/chunks/8b06d_next_dist_client_c9e357ed._.js:7728:15)
    at navigateReducer (http://localhost:3000/_next/static/chunks/8b06d_next_dist_client_c9e357ed._.js:8239:45)
    at clientReducer (http://localhost:3000/_next/static/chunks/8b06d_next_dist_client_c9e357ed._.js:9065:61)
    at Object.action (http://localhost:3000/_next/static/chunks/8b06d_next_dist_client_c9e357ed._.js:9310:55)
    at runAction (http://localhost:3000/_next/static/chunks/8b06d_next_dist_client_c9e357ed._.js:9215:38)
    at dispatchAction (http://localhost:3000/_next/static/chunks/8b06d_next_dist_client_c9e357ed._.js:9278:9)
    at Object.dispatch (http://localhost:3000/_next/static/chunks/8b06d_next_dist_client_c9e357ed._.js:9308:40)
    at http://localhost:3000/_next/static/chunks/8b06d_next_dist_client_c9e357ed._.js:1489:29
    at startTransition (http://localhost:3000/_next/static/chunks/8b06d_next_dist_compiled_react-dom_a00c2227._.js:5500:31)
    at dispatch (http://localhost:3000/_next/static/chunks/8b06d_next_dist_client_c9e357ed._.js:1488:13)
    at dispatchAppRouterAction (http://localhost:3000/_next/static/chunks/8b06d_next_dist_client_c9e357ed._.js:1470:5)
    at dispatchNavigateAction (http://localhost:3000/_next/static/chunks/8b06d_next_dist_client_c9e357ed._.js:9362:49)
    at http://localhost:3000/_next/static/chunks/8b06d_25bb5339._.js:844:13
    at Object.startTransition (http://localhost:3000/_next/static/chunks/8b06d_next_dist_compiled_e59782dc._.js:1279:31)
    at linkClicked (http://localhost:3000/_next/static/chunks/8b06d_25bb5339._.js:843:24)
    at onClick (http://localhost:3000/_next/static/chunks/8b06d_25bb5339._.js:1084:13)
    at executeDispatch (http://localhost:3000/_next/static/chunks/8b06d_next_dist_compiled_react-dom_a00c2227._.js:10314:13)
    at runWithFiberInDEV (http://localhost:3000/_next/static/chunks/8b06d_next_dist_compiled_react-dom_a00c2227._.js:965:74)
    at processDispatchQueue (http://localhost:3000/_next/static/chunks/8b06d_next_dist_compiled_react-dom_a00c2227._.js:10340:41)
    at http://localhost:3000/_next/static/chunks/8b06d_next_dist_compiled_react-dom_a00c2227._.js:10615:13
    at batchedUpdates$1 (http://localhost:3000/_next/static/chunks/8b06d_next_dist_compiled_react-dom_a00c2227._.js:2253:44)
    at dispatchEventForPluginEventSystem (http://localhost:3000/_next/static/chunks/8b06d_next_dist_compiled_react-dom_a00c2227._.js:10416:9)
    at dispatchEvent (http://localhost:3000/_next/static/chunks/8b06d_next_dist_compiled_react-dom_a00c2227._.js:12935:37)
    at dispatchDiscreteEvent (http://localhost:3000/_next/static/chunks/8b06d_next_dist_compiled_react-dom_a00c2227._.js:12917:64) @ http://localhost:3000/_next/static/chunks/8b06d_next_dist_d9ecd7c9._.js:3127
[   68359ms] [ERROR] Failed to fetch RSC payload for http://localhost:3000/settings. Falling back to browser navigation. TypeError: Failed to fetch
    at createFetch (http://localhost:3000/_next/static/chunks/8b06d_next_dist_client_c9e357ed._.js:2588:24)
    at fetchServerResponse (http://localhost:3000/_next/static/chunks/8b06d_next_dist_client_c9e357ed._.js:2490:27)
    at navigateDynamicallyWithNoPrefetch (http://localhost:3000/_next/static/chunks/8b06d_next_dist_client_c9e357ed._.js:7943:90)
    at navigate (http://localhost:3000/_next/static/chunks/8b06d_next_dist_client_c9e357ed._.js:7728:15)
    at navigateReducer (http://localhost:3000/_next/static/chunks/8b06d_next_dist_client_c9e357ed._.js:8239:45)
    at clientReducer (http://localhost:3000/_next/static/chunks/8b06d_next_dist_client_c9e357ed._.js:9065:61)
    at Object.action (http://localhost:3000/_next/static/chunks/8b06d_next_dist_client_c9e357ed._.js:9310:55)
    at runAction (http://localhost:3000/_next/static/chunks/8b06d_next_dist_client_c9e357ed._.js:9215:38)
    at dispatchAction (http://localhost:3000/_next/static/chunks/8b06d_next_dist_client_c9e357ed._.js:9278:9)
    at Object.dispatch (http://localhost:3000/_next/static/chunks/8b06d_next_dist_client_c9e357ed._.js:9308:40)
    at http://localhost:3000/_next/static/chunks/8b06d_next_dist_client_c9e357ed._.js:1489:29
    at startTransition (http://localhost:3000/_next/static/chunks/8b06d_next_dist_compiled_react-dom_a00c2227._.js:5500:31)
    at dispatch (http://localhost:3000/_next/static/chunks/8b06d_next_dist_client_c9e357ed._.js:1488:13)
    at dispatchAppRouterAction (http://localhost:3000/_next/static/chunks/8b06d_next_dist_client_c9e357ed._.js:1470:5)
    at dispatchNavigateAction (http://localhost:3000/_next/static/chunks/8b06d_next_dist_client_c9e357ed._.js:9362:49)
    at http://localhost:3000/_next/static/chunks/8b06d_25bb5339._.js:844:13
    at Object.startTransition (http://localhost:3000/_next/static/chunks/8b06d_next_dist_compiled_e59782dc._.js:1279:31)
    at linkClicked (http://localhost:3000/_next/static/chunks/8b06d_25bb5339._.js:843:24)
    at onClick (http://localhost:3000/_next/static/chunks/8b06d_25bb5339._.js:1084:13)
    at executeDispatch (http://localhost:3000/_next/static/chunks/8b06d_next_dist_compiled_react-dom_a00c2227._.js:10314:13)
    at runWithFiberInDEV (http://localhost:3000/_next/static/chunks/8b06d_next_dist_compiled_react-dom_a00c2227._.js:965:74)
    at processDispatchQueue (http://localhost:3000/_next/static/chunks/8b06d_next_dist_compiled_react-dom_a00c2227._.js:10340:41)
    at http://localhost:3000/_next/static/chunks/8b06d_next_dist_compiled_react-dom_a00c2227._.js:10615:13
    at batchedUpdates$1 (http://localhost:3000/_next/static/chunks/8b06d_next_dist_compiled_react-dom_a00c2227._.js:2253:44)
    at dispatchEventForPluginEventSystem (http://localhost:3000/_next/static/chunks/8b06d_next_dist_compiled_react-dom_a00c2227._.js:10416:9)
    at dispatchEvent (http://localhost:3000/_next/static/chunks/8b06d_next_dist_compiled_react-dom_a00c2227._.js:12935:37)
    at dispatchDiscreteEvent (http://localhost:3000/_next/static/chunks/8b06d_next_dist_compiled_react-dom_a00c2227._.js:12917:64) @ http://localhost:3000/_next/static/chunks/8b06d_next_dist_d9ecd7c9._.js:3127
[   68360ms] [ERROR] Failed to fetch RSC payload for http://localhost:3000/settings. Falling back to browser navigation. TypeError: Failed to fetch
    at createFetch (http://localhost:3000/_next/static/chunks/8b06d_next_dist_client_c9e357ed._.js:2588:24)
    at fetchServerResponse (http://localhost:3000/_next/static/chunks/8b06d_next_dist_client_c9e357ed._.js:2490:27)
    at navigateDynamicallyWithNoPrefetch (http://localhost:3000/_next/static/chunks/8b06d_next_dist_client_c9e357ed._.js:7943:90)
    at navigate (http://localhost:3000/_next/static/chunks/8b06d_next_dist_client_c9e357ed._.js:7728:15)
    at navigateReducer (http://localhost:3000/_next/static/chunks/8b06d_next_dist_client_c9e357ed._.js:8239:45)
    at clientReducer (http://localhost:3000/_next/static/chunks/8b06d_next_dist_client_c9e357ed._.js:9065:61)
    at Object.action (http://localhost:3000/_next/static/chunks/8b06d_next_dist_client_c9e357ed._.js:9310:55)
    at runAction (http://localhost:3000/_next/static/chunks/8b06d_next_dist_client_c9e357ed._.js:9215:38)
    at dispatchAction (http://localhost:3000/_next/static/chunks/8b06d_next_dist_client_c9e357ed._.js:9290:9)
    at Object.dispatch (http://localhost:3000/_next/static/chunks/8b06d_next_dist_client_c9e357ed._.js:9308:40)
    at http://localhost:3000/_next/static/chunks/8b06d_next_dist_client_c9e357ed._.js:1489:29
    at startTransition (http://localhost:3000/_next/static/chunks/8b06d_next_dist_compiled_react-dom_a00c2227._.js:5500:31)
    at dispatch (http://localhost:3000/_next/static/chunks/8b06d_next_dist_client_c9e357ed._.js:1488:13)
    at dispatchAppRouterAction (http://localhost:3000/_next/static/chunks/8b06d_next_dist_client_c9e357ed._.js:1470:5)
    at dispatchNavigateAction (http://localhost:3000/_next/static/chunks/8b06d_next_dist_client_c9e357ed._.js:9362:49)
    at http://localhost:3000/_next/static/chunks/8b06d_25bb5339._.js:844:13
    at Object.startTransition (http://localhost:3000/_next/static/chunks/8b06d_next_dist_compiled_e59782dc._.js:1279:31)
    at linkClicked (http://localhost:3000/_next/static/chunks/8b06d_25bb5339._.js:843:24)
    at onClick (http://localhost:3000/_next/static/chunks/8b06d_25bb5339._.js:1084:13)
    at executeDispatch (http://localhost:3000/_next/static/chunks/8b06d_next_dist_compiled_react-dom_a00c2227._.js:10314:13)
    at runWithFiberInDEV (http://localhost:3000/_next/static/chunks/8b06d_next_dist_compiled_react-dom_a00c2227._.js:965:74)
    at processDispatchQueue (http://localhost:3000/_next/static/chunks/8b06d_next_dist_compiled_react-dom_a00c2227._.js:10340:41)
    at http://localhost:3000/_next/static/chunks/8b06d_next_dist_compiled_react-dom_a00c2227._.js:10615:13
    at batchedUpdates$1 (http://localhost:3000/_next/static/chunks/8b06d_next_dist_compiled_react-dom_a00c2227._.js:2253:44)
    at dispatchEventForPluginEventSystem (http://localhost:3000/_next/static/chunks/8b06d_next_dist_compiled_react-dom_a00c2227._.js:10416:9)
    at dispatchEvent (http://localhost:3000/_next/static/chunks/8b06d_next_dist_compiled_react-dom_a00c2227._.js:12935:37)
    at dispatchDiscreteEvent (http://localhost:3000/_next/static/chunks/8b06d_next_dist_compiled_react-dom_a00c2227._.js:12917:64) @ http://localhost:3000/_next/static/chunks/8b06d_next_dist_d9ecd7c9._.js:3127
[   68360ms] [ERROR] Failed to fetch RSC payload for http://localhost:3000/settings. Falling back to browser navigation. TypeError: Failed to fetch
    at createFetch (http://localhost:3000/_next/static/chunks/8b06d_next_dist_client_c9e357ed._.js:2588:24)
    at fetchServerResponse (http://localhost:3000/_next/static/chunks/8b06d_next_dist_client_c9e357ed._.js:2490:27)
    at navigateDynamicallyWithNoPrefetch (http://localhost:3000/_next/static/chunks/8b06d_next_dist_client_c9e357ed._.js:7943:90)
    at navigate (http://localhost:3000/_next/static/chunks/8b06d_next_dist_client_c9e357ed._.js:7728:15)
    at navigateReducer (http://localhost:3000/_next/static/chunks/8b06d_next_dist_client_c9e357ed._.js:8239:45)
    at clientReducer (http://localhost:3000/_next/static/chunks/8b06d_next_dist_client_c9e357ed._.js:9065:61)
    at Object.action (http://localhost:3000/_next/static/chunks/8b06d_next_dist_client_c9e357ed._.js:9310:55)
    at runAction (http://localhost:3000/_next/static/chunks/8b06d_next_dist_client_c9e357ed._.js:9215:38)
    at dispatchAction (http://localhost:3000/_next/static/chunks/8b06d_next_dist_client_c9e357ed._.js:9278:9)
    at Object.dispatch (http://localhost:3000/_next/static/chunks/8b06d_next_dist_client_c9e357ed._.js:9308:40)
    at http://localhost:3000/_next/static/chunks/8b06d_next_dist_client_c9e357ed._.js:1489:29
    at startTransition (http://localhost:3000/_next/static/chunks/8b06d_next_dist_compiled_react-dom_a00c2227._.js:5500:31)
    at dispatch (http://localhost:3000/_next/static/chunks/8b06d_next_dist_client_c9e357ed._.js:1488:13)
    at dispatchAppRouterAction (http://localhost:3000/_next/static/chunks/8b06d_next_dist_client_c9e357ed._.js:1470:5)
    at dispatchNavigateAction (http://localhost:3000/_next/static/chunks/8b06d_next_dist_client_c9e357ed._.js:9362:49)
    at http://localhost:3000/_next/static/chunks/8b06d_25bb5339._.js:844:13
    at Object.startTransition (http://localhost:3000/_next/static/chunks/8b06d_next_dist_compiled_e59782dc._.js:1279:31)
    at linkClicked (http://localhost:3000/_next/static/chunks/8b06d_25bb5339._.js:843:24)
    at onClick (http://localhost:3000/_next/static/chunks/8b06d_25bb5339._.js:1084:13)
    at executeDispatch (http://localhost:3000/_next/static/chunks/8b06d_next_dist_compiled_react-dom_a00c2227._.js:10314:13)
    at runWithFiberInDEV (http://localhost:3000/_next/static/chunks/8b06d_next_dist_compiled_react-dom_a00c2227._.js:965:74)
    at processDispatchQueue (http://localhost:3000/_next/static/chunks/8b06d_next_dist_compiled_react-dom_a00c2227._.js:10340:41)
    at http://localhost:3000/_next/static/chunks/8b06d_next_dist_compiled_react-dom_a00c2227._.js:10615:13
    at batchedUpdates$1 (http://localhost:3000/_next/static/chunks/8b06d_next_dist_compiled_react-dom_a00c2227._.js:2253:44)
    at dispatchEventForPluginEventSystem (http://localhost:3000/_next/static/chunks/8b06d_next_dist_compiled_react-dom_a00c2227._.js:10416:9)
    at dispatchEvent (http://localhost:3000/_next/static/chunks/8b06d_next_dist_compiled_react-dom_a00c2227._.js:12935:37)
    at dispatchDiscreteEvent (http://localhost:3000/_next/static/chunks/8b06d_next_dist_compiled_react-dom_a00c2227._.js:12917:64) @ http://localhost:3000/_next/static/chunks/8b06d_next_dist_d9ecd7c9._.js:3127
[   68361ms] [ERROR] Failed to fetch RSC payload for http://localhost:3000/dashboard. Falling back to browser navigation. TypeError: Failed to fetch
    at createFetch (http://localhost:3000/_next/static/chunks/8b06d_next_dist_client_c9e357ed._.js:2588:24)
    at fetchServerResponse (http://localhost:3000/_next/static/chunks/8b06d_next_dist_client_c9e357ed._.js:2490:27)
    at navigateDynamicallyWithNoPrefetch (http://localhost:3000/_next/static/chunks/8b06d_next_dist_client_c9e357ed._.js:7943:90)
    at navigate (http://localhost:3000/_next/static/chunks/8b06d_next_dist_client_c9e357ed._.js:7728:15)
    at navigateReducer (http://localhost:3000/_next/static/chunks/8b06d_next_dist_client_c9e357ed._.js:8239:45)
    at clientReducer (http://localhost:3000/_next/static/chunks/8b06d_next_dist_client_c9e357ed._.js:9065:61)
    at Object.action (http://localhost:3000/_next/static/chunks/8b06d_next_dist_client_c9e357ed._.js:9310:55)
    at runAction (http://localhost:3000/_next/static/chunks/8b06d_next_dist_client_c9e357ed._.js:9215:38)
    at dispatchAction (http://localhost:3000/_next/static/chunks/8b06d_next_dist_client_c9e357ed._.js:9290:9)
    at Object.dispatch (http://localhost:3000/_next/static/chunks/8b06d_next_dist_client_c9e357ed._.js:9308:40)
    at http://localhost:3000/_next/static/chunks/8b06d_next_dist_client_c9e357ed._.js:1489:29
    at startTransition (http://localhost:3000/_next/static/chunks/8b06d_next_dist_compiled_react-dom_a00c2227._.js:5500:31)
    at dispatch (http://localhost:3000/_next/static/chunks/8b06d_next_dist_client_c9e357ed._.js:1488:13)
    at dispatchAppRouterAction (http://localhost:3000/_next/static/chunks/8b06d_next_dist_client_c9e357ed._.js:1470:5)
    at dispatchNavigateAction (http://localhost:3000/_next/static/chunks/8b06d_next_dist_client_c9e357ed._.js:9362:49)
    at http://localhost:3000/_next/static/chunks/8b06d_25bb5339._.js:844:13
    at Object.startTransition (http://localhost:3000/_next/static/chunks/8b06d_next_dist_compiled_e59782dc._.js:1279:31)
    at linkClicked (http://localhost:3000/_next/static/chunks/8b06d_25bb5339._.js:843:24)
    at onClick (http://localhost:3000/_next/static/chunks/8b06d_25bb5339._.js:1084:13)
    at executeDispatch (http://localhost:3000/_next/static/chunks/8b06d_next_dist_compiled_react-dom_a00c2227._.js:10314:13)
    at runWithFiberInDEV (http://localhost:3000/_next/static/chunks/8b06d_next_dist_compiled_react-dom_a00c2227._.js:965:74)
    at processDispatchQueue (http://localhost:3000/_next/static/chunks/8b06d_next_dist_compiled_react-dom_a00c2227._.js:10340:41)
    at http://localhost:3000/_next/static/chunks/8b06d_next_dist_compiled_react-dom_a00c2227._.js:10615:13
    at batchedUpdates$1 (http://localhost:3000/_next/static/chunks/8b06d_next_dist_compiled_react-dom_a00c2227._.js:2253:44)
    at dispatchEventForPluginEventSystem (http://localhost:3000/_next/static/chunks/8b06d_next_dist_compiled_react-dom_a00c2227._.js:10416:9)
    at dispatchEvent (http://localhost:3000/_next/static/chunks/8b06d_next_dist_compiled_react-dom_a00c2227._.js:12935:37)
    at dispatchDiscreteEvent (http://localhost:3000/_next/static/chunks/8b06d_next_dist_compiled_react-dom_a00c2227._.js:12917:64) @ http://localhost:3000/_next/static/chunks/8b06d_next_dist_d9ecd7c9._.js:3127
[   68361ms] [ERROR] Failed to fetch RSC payload for http://localhost:3000/settings. Falling back to browser navigation. TypeError: Failed to fetch
    at createFetch (http://localhost:3000/_next/static/chunks/8b06d_next_dist_client_c9e357ed._.js:2588:24)
    at fetchServerResponse (http://localhost:3000/_next/static/chunks/8b06d_next_dist_client_c9e357ed._.js:2490:27)
    at navigateDynamicallyWithNoPrefetch (http://localhost:3000/_next/static/chunks/8b06d_next_dist_client_c9e357ed._.js:7943:90)
    at navigate (http://localhost:3000/_next/static/chunks/8b06d_next_dist_client_c9e357ed._.js:7728:15)
    at navigateReducer (http://localhost:3000/_next/static/chunks/8b06d_next_dist_client_c9e357ed._.js:8239:45)
    at clientReducer (http://localhost:3000/_next/static/chunks/8b06d_next_dist_client_c9e357ed._.js:9065:61)
    at Object.action (http://localhost:3000/_next/static/chunks/8b06d_next_dist_client_c9e357ed._.js:9310:55)
    at runAction (http://localhost:3000/_next/static/chunks/8b06d_next_dist_client_c9e357ed._.js:9215:38)
    at dispatchAction (http://localhost:3000/_next/static/chunks/8b06d_next_dist_client_c9e357ed._.js:9290:9)
    at Object.dispatch (http://localhost:3000/_next/static/chunks/8b06d_next_dist_client_c9e357ed._.js:9308:40)
    at http://localhost:3000/_next/static/chunks/8b06d_next_dist_client_c9e357ed._.js:1489:29
    at startTransition (http://localhost:3000/_next/static/chunks/8b06d_next_dist_compiled_react-dom_a00c2227._.js:5500:31)
    at dispatch (http://localhost:3000/_next/static/chunks/8b06d_next_dist_client_c9e357ed._.js:1488:13)
    at dispatchAppRouterAction (http://localhost:3000/_next/static/chunks/8b06d_next_dist_client_c9e357ed._.js:1470:5)
    at dispatchNavigateAction (http://localhost:3000/_next/static/chunks/8b06d_next_dist_client_c9e357ed._.js:9362:49)
    at http://localhost:3000/_next/static/chunks/8b06d_25bb5339._.js:844:13
    at Object.startTransition (http://localhost:3000/_next/static/chunks/8b06d_next_dist_compiled_e59782dc._.js:1279:31)
    at linkClicked (http://localhost:3000/_next/static/chunks/8b06d_25bb5339._.js:843:24)
    at onClick (http://localhost:3000/_next/static/chunks/8b06d_25bb5339._.js:1084:13)
    at executeDispatch (http://localhost:3000/_next/static/chunks/8b06d_next_dist_compiled_react-dom_a00c2227._.js:10314:13)
    at runWithFiberInDEV (http://localhost:3000/_next/static/chunks/8b06d_next_dist_compiled_react-dom_a00c2227._.js:965:74)
    at processDispatchQueue (http://localhost:3000/_next/static/chunks/8b06d_next_dist_compiled_react-dom_a00c2227._.js:10340:41)
    at http://localhost:3000/_next/static/chunks/8b06d_next_dist_compiled_react-dom_a00c2227._.js:10615:13
    at batchedUpdates$1 (http://localhost:3000/_next/static/chunks/8b06d_next_dist_compiled_react-dom_a00c2227._.js:2253:44)
    at dispatchEventForPluginEventSystem (http://localhost:3000/_next/static/chunks/8b06d_next_dist_compiled_react-dom_a00c2227._.js:10416:9)
    at dispatchEvent (http://localhost:3000/_next/static/chunks/8b06d_next_dist_compiled_react-dom_a00c2227._.js:12935:37)
    at dispatchDiscreteEvent (http://localhost:3000/_next/static/chunks/8b06d_next_dist_compiled_react-dom_a00c2227._.js:12917:64) @ http://localhost:3000/_next/static/chunks/8b06d_next_dist_d9ecd7c9._.js:3127
[   68361ms] [ERROR] Failed to fetch RSC payload for http://localhost:3000/settings. Falling back to browser navigation. TypeError: Failed to fetch
    at createFetch (http://localhost:3000/_next/static/chunks/8b06d_next_dist_client_c9e357ed._.js:2588:24)
    at fetchServerResponse (http://localhost:3000/_next/static/chunks/8b06d_next_dist_client_c9e357ed._.js:2490:27)
    at navigateDynamicallyWithNoPrefetch (http://localhost:3000/_next/static/chunks/8b06d_next_dist_client_c9e357ed._.js:7943:90)
    at navigate (http://localhost:3000/_next/static/chunks/8b06d_next_dist_client_c9e357ed._.js:7728:15)
    at navigateReducer (http://localhost:3000/_next/static/chunks/8b06d_next_dist_client_c9e357ed._.js:8239:45)
    at clientReducer (http://localhost:3000/_next/static/chunks/8b06d_next_dist_client_c9e357ed._.js:9065:61)
    at Object.action (http://localhost:3000/_next/static/chunks/8b06d_next_dist_client_c9e357ed._.js:9310:55)
    at runAction (http://localhost:3000/_next/static/chunks/8b06d_next_dist_client_c9e357ed._.js:9215:38)
    at dispatchAction (http://localhost:3000/_next/static/chunks/8b06d_next_dist_client_c9e357ed._.js:9290:9)
    at Object.dispatch (http://localhost:3000/_next/static/chunks/8b06d_next_dist_client_c9e357ed._.js:9308:40)
    at http://localhost:3000/_next/static/chunks/8b06d_next_dist_client_c9e357ed._.js:1489:29
    at startTransition (http://localhost:3000/_next/static/chunks/8b06d_next_dist_compiled_react-dom_a00c2227._.js:5500:31)
    at dispatch (http://localhost:3000/_next/static/chunks/8b06d_next_dist_client_c9e357ed._.js:1488:13)
    at dispatchAppRouterAction (http://localhost:3000/_next/static/chunks/8b06d_next_dist_client_c9e357ed._.js:1470:5)
    at dispatchNavigateAction (http://localhost:3000/_next/static/chunks/8b06d_next_dist_client_c9e357ed._.js:9362:49)
    at http://localhost:3000/_next/static/chunks/8b06d_25bb5339._.js:844:13
    at Object.startTransition (http://localhost:3000/_next/static/chunks/8b06d_next_dist_compiled_e59782dc._.js:1279:31)
    at linkClicked (http://localhost:3000/_next/static/chunks/8b06d_25bb5339._.js:843:24)
    at onClick (http://localhost:3000/_next/static/chunks/8b06d_25bb5339._.js:1084:13)
    at executeDispatch (http://localhost:3000/_next/static/chunks/8b06d_next_dist_compiled_react-dom_a00c2227._.js:10314:13)
    at runWithFiberInDEV (http://localhost:3000/_next/static/chunks/8b06d_next_dist_compiled_react-dom_a00c2227._.js:965:74)
    at processDispatchQueue (http://localhost:3000/_next/static/chunks/8b06d_next_dist_compiled_react-dom_a00c2227._.js:10340:41)
    at http://localhost:3000/_next/static/chunks/8b06d_next_dist_compiled_react-dom_a00c2227._.js:10615:13
    at batchedUpdates$1 (http://localhost:3000/_next/static/chunks/8b06d_next_dist_compiled_react-dom_a00c2227._.js:2253:44)
    at dispatchEventForPluginEventSystem (http://localhost:3000/_next/static/chunks/8b06d_next_dist_compiled_react-dom_a00c2227._.js:10416:9)
    at dispatchEvent (http://localhost:3000/_next/static/chunks/8b06d_next_dist_compiled_react-dom_a00c2227._.js:12935:37)
    at dispatchDiscreteEvent (http://localhost:3000/_next/static/chunks/8b06d_next_dist_compiled_react-dom_a00c2227._.js:12917:64) @ http://localhost:3000/_next/static/chunks/8b06d_next_dist_d9ecd7c9._.js:3127
[   68362ms] [ERROR] Failed to fetch RSC payload for http://localhost:3000/settings. Falling back to browser navigation. TypeError: Failed to fetch
    at createFetch (http://localhost:3000/_next/static/chunks/8b06d_next_dist_client_c9e357ed._.js:2588:24)
    at fetchServerResponse (http://localhost:3000/_next/static/chunks/8b06d_next_dist_client_c9e357ed._.js:2490:27)
    at navigateDynamicallyWithNoPrefetch (http://localhost:3000/_next/static/chunks/8b06d_next_dist_client_c9e357ed._.js:7943:90)
    at navigate (http://localhost:3000/_next/static/chunks/8b06d_next_dist_client_c9e357ed._.js:7728:15)
    at navigateReducer (http://localhost:3000/_next/static/chunks/8b06d_next_dist_client_c9e357ed._.js:8239:45)
    at clientReducer (http://localhost:3000/_next/static/chunks/8b06d_next_dist_client_c9e357ed._.js:9065:61)
    at Object.action (http://localhost:3000/_next/static/chunks/8b06d_next_dist_client_c9e357ed._.js:9310:55)
    at runAction (http://localhost:3000/_next/static/chunks/8b06d_next_dist_client_c9e357ed._.js:9215:38)
    at dispatchAction (http://localhost:3000/_next/static/chunks/8b06d_next_dist_client_c9e357ed._.js:9290:9)
    at Object.dispatch (http://localhost:3000/_next/static/chunks/8b06d_next_dist_client_c9e357ed._.js:9308:40)
    at http://localhost:3000/_next/static/chunks/8b06d_next_dist_client_c9e357ed._.js:1489:29
    at startTransition (http://localhost:3000/_next/static/chunks/8b06d_next_dist_compiled_react-dom_a00c2227._.js:5500:31)
    at dispatch (http://localhost:3000/_next/static/chunks/8b06d_next_dist_client_c9e357ed._.js:1488:13)
    at dispatchAppRouterAction (http://localhost:3000/_next/static/chunks/8b06d_next_dist_client_c9e357ed._.js:1470:5)
    at dispatchNavigateAction (http://localhost:3000/_next/static/chunks/8b06d_next_dist_client_c9e357ed._.js:9362:49)
    at http://localhost:3000/_next/static/chunks/8b06d_25bb5339._.js:844:13
    at Object.startTransition (http://localhost:3000/_next/static/chunks/8b06d_next_dist_compiled_e59782dc._.js:1279:31)
    at linkClicked (http://localhost:3000/_next/static/chunks/8b06d_25bb5339._.js:843:24)
    at onClick (http://localhost:3000/_next/static/chunks/8b06d_25bb5339._.js:1084:13)
    at executeDispatch (http://localhost:3000/_next/static/chunks/8b06d_next_dist_compiled_react-dom_a00c2227._.js:10314:13)
    at runWithFiberInDEV (http://localhost:3000/_next/static/chunks/8b06d_next_dist_compiled_react-dom_a00c2227._.js:965:74)
    at processDispatchQueue (http://localhost:3000/_next/static/chunks/8b06d_next_dist_compiled_react-dom_a00c2227._.js:10340:41)
    at http://localhost:3000/_next/static/chunks/8b06d_next_dist_compiled_react-dom_a00c2227._.js:10615:13
    at batchedUpdates$1 (http://localhost:3000/_next/static/chunks/8b06d_next_dist_compiled_react-dom_a00c2227._.js:2253:44)
    at dispatchEventForPluginEventSystem (http://localhost:3000/_next/static/chunks/8b06d_next_dist_compiled_react-dom_a00c2227._.js:10416:9)
    at dispatchEvent (http://localhost:3000/_next/static/chunks/8b06d_next_dist_compiled_react-dom_a00c2227._.js:12935:37)
    at dispatchDiscreteEvent (http://localhost:3000/_next/static/chunks/8b06d_next_dist_compiled_react-dom_a00c2227._.js:12917:64) @ http://localhost:3000/_next/static/chunks/8b06d_next_dist_d9ecd7c9._.js:3127
[   68362ms] [ERROR] Failed to fetch RSC payload for http://localhost:3000/reports. Falling back to browser navigation. TypeError: Failed to fetch
    at createFetch (http://localhost:3000/_next/static/chunks/8b06d_next_dist_client_c9e357ed._.js:2588:24)
    at fetchServerResponse (http://localhost:3000/_next/static/chunks/8b06d_next_dist_client_c9e357ed._.js:2490:27)
    at navigateDynamicallyWithNoPrefetch (http://localhost:3000/_next/static/chunks/8b06d_next_dist_client_c9e357ed._.js:7943:90)
    at navigate (http://localhost:3000/_next/static/chunks/8b06d_next_dist_client_c9e357ed._.js:7728:15)
    at navigateReducer (http://localhost:3000/_next/static/chunks/8b06d_next_dist_client_c9e357ed._.js:8239:45)
    at clientReducer (http://localhost:3000/_next/static/chunks/8b06d_next_dist_client_c9e357ed._.js:9065:61)
    at Object.action (http://localhost:3000/_next/static/chunks/8b06d_next_dist_client_c9e357ed._.js:9310:55)
    at runAction (http://localhost:3000/_next/static/chunks/8b06d_next_dist_client_c9e357ed._.js:9215:38)
    at dispatchAction (http://localhost:3000/_next/static/chunks/8b06d_next_dist_client_c9e357ed._.js:9290:9)
    at Object.dispatch (http://localhost:3000/_next/static/chunks/8b06d_next_dist_client_c9e357ed._.js:9308:40)
    at http://localhost:3000/_next/static/chunks/8b06d_next_dist_client_c9e357ed._.js:1489:29
    at startTransition (http://localhost:3000/_next/static/chunks/8b06d_next_dist_compiled_react-dom_a00c2227._.js:5500:31)
    at dispatch (http://localhost:3000/_next/static/chunks/8b06d_next_dist_client_c9e357ed._.js:1488:13)
    at dispatchAppRouterAction (http://localhost:3000/_next/static/chunks/8b06d_next_dist_client_c9e357ed._.js:1470:5)
    at dispatchNavigateAction (http://localhost:3000/_next/static/chunks/8b06d_next_dist_client_c9e357ed._.js:9362:49)
    at http://localhost:3000/_next/static/chunks/8b06d_25bb5339._.js:844:13
    at Object.startTransition (http://localhost:3000/_next/static/chunks/8b06d_next_dist_compiled_e59782dc._.js:1279:31)
    at linkClicked (http://localhost:3000/_next/static/chunks/8b06d_25bb5339._.js:843:24)
    at onClick (http://localhost:3000/_next/static/chunks/8b06d_25bb5339._.js:1084:13)
    at executeDispatch (http://localhost:3000/_next/static/chunks/8b06d_next_dist_compiled_react-dom_a00c2227._.js:10314:13)
    at runWithFiberInDEV (http://localhost:3000/_next/static/chunks/8b06d_next_dist_compiled_react-dom_a00c2227._.js:965:74)
    at processDispatchQueue (http://localhost:3000/_next/static/chunks/8b06d_next_dist_compiled_react-dom_a00c2227._.js:10340:41)
    at http://localhost:3000/_next/static/chunks/8b06d_next_dist_compiled_react-dom_a00c2227._.js:10615:13
    at batchedUpdates$1 (http://localhost:3000/_next/static/chunks/8b06d_next_dist_compiled_react-dom_a00c2227._.js:2253:44)
    at dispatchEventForPluginEventSystem (http://localhost:3000/_next/static/chunks/8b06d_next_dist_compiled_react-dom_a00c2227._.js:10416:9)
    at dispatchEvent (http://localhost:3000/_next/static/chunks/8b06d_next_dist_compiled_react-dom_a00c2227._.js:12935:37)
    at dispatchDiscreteEvent (http://localhost:3000/_next/static/chunks/8b06d_next_dist_compiled_react-dom_a00c2227._.js:12917:64) @ http://localhost:3000/_next/static/chunks/8b06d_next_dist_d9ecd7c9._.js:3127
[   68363ms] [ERROR] Failed to fetch RSC payload for http://localhost:3000/settings. Falling back to browser navigation. TypeError: Failed to fetch
    at createFetch (http://localhost:3000/_next/static/chunks/8b06d_next_dist_client_c9e357ed._.js:2588:24)
    at fetchServerResponse (http://localhost:3000/_next/static/chunks/8b06d_next_dist_client_c9e357ed._.js:2490:27)
    at navigateDynamicallyWithNoPrefetch (http://localhost:3000/_next/static/chunks/8b06d_next_dist_client_c9e357ed._.js:7943:90)
    at navigate (http://localhost:3000/_next/static/chunks/8b06d_next_dist_client_c9e357ed._.js:7728:15)
    at navigateReducer (http://localhost:3000/_next/static/chunks/8b06d_next_dist_client_c9e357ed._.js:8239:45)
    at clientReducer (http://localhost:3000/_next/static/chunks/8b06d_next_dist_client_c9e357ed._.js:9065:61)
    at Object.action (http://localhost:3000/_next/static/chunks/8b06d_next_dist_client_c9e357ed._.js:9310:55)
    at runAction (http://localhost:3000/_next/static/chunks/8b06d_next_dist_client_c9e357ed._.js:9215:38)
    at dispatchAction (http://localhost:3000/_next/static/chunks/8b06d_next_dist_client_c9e357ed._.js:9290:9)
    at Object.dispatch (http://localhost:3000/_next/static/chunks/8b06d_next_dist_client_c9e357ed._.js:9308:40)
    at http://localhost:3000/_next/static/chunks/8b06d_next_dist_client_c9e357ed._.js:1489:29
    at startTransition (http://localhost:3000/_next/static/chunks/8b06d_next_dist_compiled_react-dom_a00c2227._.js:5500:31)
    at dispatch (http://localhost:3000/_next/static/chunks/8b06d_next_dist_client_c9e357ed._.js:1488:13)
    at dispatchAppRouterAction (http://localhost:3000/_next/static/chunks/8b06d_next_dist_client_c9e357ed._.js:1470:5)
    at dispatchNavigateAction (http://localhost:3000/_next/static/chunks/8b06d_next_dist_client_c9e357ed._.js:9362:49)
    at http://localhost:3000/_next/static/chunks/8b06d_25bb5339._.js:844:13
    at Object.startTransition (http://localhost:3000/_next/static/chunks/8b06d_next_dist_compiled_e59782dc._.js:1279:31)
    at linkClicked (http://localhost:3000/_next/static/chunks/8b06d_25bb5339._.js:843:24)
    at onClick (http://localhost:3000/_next/static/chunks/8b06d_25bb5339._.js:1084:13)
    at executeDispatch (http://localhost:3000/_next/static/chunks/8b06d_next_dist_compiled_react-dom_a00c2227._.js:10314:13)
    at runWithFiberInDEV (http://localhost:3000/_next/static/chunks/8b06d_next_dist_compiled_react-dom_a00c2227._.js:965:74)
    at processDispatchQueue (http://localhost:3000/_next/static/chunks/8b06d_next_dist_compiled_react-dom_a00c2227._.js:10340:41)
    at http://localhost:3000/_next/static/chunks/8b06d_next_dist_compiled_react-dom_a00c2227._.js:10615:13
    at batchedUpdates$1 (http://localhost:3000/_next/static/chunks/8b06d_next_dist_compiled_react-dom_a00c2227._.js:2253:44)
    at dispatchEventForPluginEventSystem (http://localhost:3000/_next/static/chunks/8b06d_next_dist_compiled_react-dom_a00c2227._.js:10416:9)
    at dispatchEvent (http://localhost:3000/_next/static/chunks/8b06d_next_dist_compiled_react-dom_a00c2227._.js:12935:37)
    at dispatchDiscreteEvent (http://localhost:3000/_next/static/chunks/8b06d_next_dist_compiled_react-dom_a00c2227._.js:12917:64) @ http://localhost:3000/_next/static/chunks/8b06d_next_dist_d9ecd7c9._.js:3127
[   68363ms] [ERROR] Failed to fetch RSC payload for http://localhost:3000/settings. Falling back to browser navigation. TypeError: Failed to fetch
    at createFetch (http://localhost:3000/_next/static/chunks/8b06d_next_dist_client_c9e357ed._.js:2588:24)
    at fetchServerResponse (http://localhost:3000/_next/static/chunks/8b06d_next_dist_client_c9e357ed._.js:2490:27)
    at navigateDynamicallyWithNoPrefetch (http://localhost:3000/_next/static/chunks/8b06d_next_dist_client_c9e357ed._.js:7943:90)
    at navigate (http://localhost:3000/_next/static/chunks/8b06d_next_dist_client_c9e357ed._.js:7728:15)
    at navigateReducer (http://localhost:3000/_next/static/chunks/8b06d_next_dist_client_c9e357ed._.js:8239:45)
    at clientReducer (http://localhost:3000/_next/static/chunks/8b06d_next_dist_client_c9e357ed._.js:9065:61)
    at Object.action (http://localhost:3000/_next/static/chunks/8b06d_next_dist_client_c9e357ed._.js:9310:55)
    at runAction (http://localhost:3000/_next/static/chunks/8b06d_next_dist_client_c9e357ed._.js:9215:38)
    at dispatchAction (http://localhost:3000/_next/static/chunks/8b06d_next_dist_client_c9e357ed._.js:9290:9)
    at Object.dispatch (http://localhost:3000/_next/static/chunks/8b06d_next_dist_client_c9e357ed._.js:9308:40)
    at http://localhost:3000/_next/static/chunks/8b06d_next_dist_client_c9e357ed._.js:1489:29
    at startTransition (http://localhost:3000/_next/static/chunks/8b06d_next_dist_compiled_react-dom_a00c2227._.js:5500:31)
    at dispatch (http://localhost:3000/_next/static/chunks/8b06d_next_dist_client_c9e357ed._.js:1488:13)
    at dispatchAppRouterAction (http://localhost:3000/_next/static/chunks/8b06d_next_dist_client_c9e357ed._.js:1470:5)
    at dispatchNavigateAction (http://localhost:3000/_next/static/chunks/8b06d_next_dist_client_c9e357ed._.js:9362:49)
    at http://localhost:3000/_next/static/chunks/8b06d_25bb5339._.js:844:13
    at Object.startTransition (http://localhost:3000/_next/static/chunks/8b06d_next_dist_compiled_e59782dc._.js:1279:31)
    at linkClicked (http://localhost:3000/_next/static/chunks/8b06d_25bb5339._.js:843:24)
    at onClick (http://localhost:3000/_next/static/chunks/8b06d_25bb5339._.js:1084:13)
    at executeDispatch (http://localhost:3000/_next/static/chunks/8b06d_next_dist_compiled_react-dom_a00c2227._.js:10314:13)
    at runWithFiberInDEV (http://localhost:3000/_next/static/chunks/8b06d_next_dist_compiled_react-dom_a00c2227._.js:965:74)
    at processDispatchQueue (http://localhost:3000/_next/static/chunks/8b06d_next_dist_compiled_react-dom_a00c2227._.js:10340:41)
    at http://localhost:3000/_next/static/chunks/8b06d_next_dist_compiled_react-dom_a00c2227._.js:10615:13
    at batchedUpdates$1 (http://localhost:3000/_next/static/chunks/8b06d_next_dist_compiled_react-dom_a00c2227._.js:2253:44)
    at dispatchEventForPluginEventSystem (http://localhost:3000/_next/static/chunks/8b06d_next_dist_compiled_react-dom_a00c2227._.js:10416:9)
    at dispatchEvent (http://localhost:3000/_next/static/chunks/8b06d_next_dist_compiled_react-dom_a00c2227._.js:12935:37)
    at dispatchDiscreteEvent (http://localhost:3000/_next/static/chunks/8b06d_next_dist_compiled_react-dom_a00c2227._.js:12917:64) @ http://localhost:3000/_next/static/chunks/8b06d_next_dist_d9ecd7c9._.js:3127
[   68364ms] [ERROR] Failed to fetch RSC payload for http://localhost:3000/settings. Falling back to browser navigation. TypeError: Failed to fetch
    at createFetch (http://localhost:3000/_next/static/chunks/8b06d_next_dist_client_c9e357ed._.js:2588:24)
    at fetchServerResponse (http://localhost:3000/_next/static/chunks/8b06d_next_dist_client_c9e357ed._.js:2490:27)
    at navigateDynamicallyWithNoPrefetch (http://localhost:3000/_next/static/chunks/8b06d_next_dist_client_c9e357ed._.js:7943:90)
    at navigate (http://localhost:3000/_next/static/chunks/8b06d_next_dist_client_c9e357ed._.js:7728:15)
    at navigateReducer (http://localhost:3000/_next/static/chunks/8b06d_next_dist_client_c9e357ed._.js:8239:45)
    at clientReducer (http://localhost:3000/_next/static/chunks/8b06d_next_dist_client_c9e357ed._.js:9065:61)
    at Object.action (http://localhost:3000/_next/static/chunks/8b06d_next_dist_client_c9e357ed._.js:9310:55)
    at runAction (http://localhost:3000/_next/static/chunks/8b06d_next_dist_client_c9e357ed._.js:9215:38)
    at dispatchAction (http://localhost:3000/_next/static/chunks/8b06d_next_dist_client_c9e357ed._.js:9290:9)
    at Object.dispatch (http://localhost:3000/_next/static/chunks/8b06d_next_dist_client_c9e357ed._.js:9308:40)
    at http://localhost:3000/_next/static/chunks/8b06d_next_dist_client_c9e357ed._.js:1489:29
    at startTransition (http://localhost:3000/_next/static/chunks/8b06d_next_dist_compiled_react-dom_a00c2227._.js:5500:31)
    at dispatch (http://localhost:3000/_next/static/chunks/8b06d_next_dist_client_c9e357ed._.js:1488:13)
    at dispatchAppRouterAction (http://localhost:3000/_next/static/chunks/8b06d_next_dist_client_c9e357ed._.js:1470:5)
    at dispatchNavigateAction (http://localhost:3000/_next/static/chunks/8b06d_next_dist_client_c9e357ed._.js:9362:49)
    at http://localhost:3000/_next/static/chunks/8b06d_25bb5339._.js:844:13
    at Object.startTransition (http://localhost:3000/_next/static/chunks/8b06d_next_dist_compiled_e59782dc._.js:1279:31)
    at linkClicked (http://localhost:3000/_next/static/chunks/8b06d_25bb5339._.js:843:24)
    at onClick (http://localhost:3000/_next/static/chunks/8b06d_25bb5339._.js:1084:13)
    at executeDispatch (http://localhost:3000/_next/static/chunks/8b06d_next_dist_compiled_react-dom_a00c2227._.js:10314:13)
    at runWithFiberInDEV (http://localhost:3000/_next/static/chunks/8b06d_next_dist_compiled_react-dom_a00c2227._.js:965:74)
    at processDispatchQueue (http://localhost:3000/_next/static/chunks/8b06d_next_dist_compiled_react-dom_a00c2227._.js:10340:41)
    at http://localhost:3000/_next/static/chunks/8b06d_next_dist_compiled_react-dom_a00c2227._.js:10615:13
    at batchedUpdates$1 (http://localhost:3000/_next/static/chunks/8b06d_next_dist_compiled_react-dom_a00c2227._.js:2253:44)
    at dispatchEventForPluginEventSystem (http://localhost:3000/_next/static/chunks/8b06d_next_dist_compiled_react-dom_a00c2227._.js:10416:9)
    at dispatchEvent (http://localhost:3000/_next/static/chunks/8b06d_next_dist_compiled_react-dom_a00c2227._.js:12935:37)
    at dispatchDiscreteEvent (http://localhost:3000/_next/static/chunks/8b06d_next_dist_compiled_react-dom_a00c2227._.js:12917:64) @ http://localhost:3000/_next/static/chunks/8b06d_next_dist_d9ecd7c9._.js:3127
