[    2062ms] [ERROR] Error: Route "/dashboard": Uncached data or `connection()` was accessed outside of `<Suspense>`. This delays the entire page from rendering, resulting in a slow user experience. Learn more: https://nextjs.org/docs/messages/blocking-route
    at _handleRequest (about://React/Server/file:///Users/ricardomarchetti/ProyectosIA/AplicacionesSaas/SaasFactoryManager/.next/dev/server/chunks/ssr/8b06d_d469a36a._.js?52:10021:24)
    at _request (about://React/Server/file:///Users/ricardomarchetti/ProyectosIA/AplicacionesSaas/SaasFactoryManager/.next/dev/server/chunks/ssr/8b06d_d469a36a._.js?53:10008:24)
    at <anonymous> (about://React/Server/file:///Users/ricardomarchetti/ProyectosIA/AplicacionesSaas/SaasFactoryManager/.next/dev/server/chunks/ssr/8b06d_d469a36a._.js?54:13693:259)
    at SupabaseAuthClient._useSession (about://React/Server/file:///Users/ricardomarchetti/ProyectosIA/AplicacionesSaas/SaasFactoryManager/.next/dev/server/chunks/ssr/8b06d_d469a36a._.js?55:13562:26)
    at SupabaseAuthClient._getUser (about://React/Server/file:///Users/ricardomarchetti/ProyectosIA/AplicacionesSaas/SaasFactoryManager/.next/dev/server/chunks/ssr/8b06d_d469a36a._.js?56:13678:20)
    at <anonymous> (about://React/Server/file:///Users/ricardomarchetti/ProyectosIA/AplicacionesSaas/SaasFactoryManager/.next/dev/server/chunks/ssr/8b06d_d469a36a._.js?57:13662:20)
    at <anonymous> (about://React/Server/file:///Users/ricardomarchetti/ProyectosIA/AplicacionesSaas/SaasFactoryManager/.next/dev/server/chunks/ssr/8b06d_d469a36a._.js?58:13510:28)
    at resolveErrorDev (http://localhost:3001/_next/static/chunks/8b06d_next_dist_compiled_react-server-dom-turbopack_ac66f558._.js:1894:106)
    at getOutlinedModel (http://localhost:3001/_next/static/chunks/8b06d_next_dist_compiled_react-server-dom-turbopack_ac66f558._.js:1447:28)
    at parseModelString (http://localhost:3001/_next/static/chunks/8b06d_next_dist_compiled_react-server-dom-turbopack_ac66f558._.js:1561:50)
    at Array.<anonymous> (http://localhost:3001/_next/static/chunks/8b06d_next_dist_compiled_react-server-dom-turbopack_ac66f558._.js:2486:55)
    at JSON.parse (<anonymous>)
    at initializeModelChunk (http://localhost:3001/_next/static/chunks/8b06d_next_dist_compiled_react-server-dom-turbopack_ac66f558._.js:1064:30)
    at resolveModelChunk (http://localhost:3001/_next/static/chunks/8b06d_next_dist_compiled_react-server-dom-turbopack_ac66f558._.js:969:43)
    at processFullStringRow (http://localhost:3001/_next/static/chunks/8b06d_next_dist_compiled_react-server-dom-turbopack_ac66f558._.js:2441:126)
    at processFullBinaryRow (http://localhost:3001/_next/static/chunks/8b06d_next_dist_compiled_react-server-dom-turbopack_ac66f558._.js:2361:9)
    at processBinaryChunk (http://localhost:3001/_next/static/chunks/8b06d_next_dist_compiled_react-server-dom-turbopack_ac66f558._.js:2470:221)
    at progress (http://localhost:3001/_next/static/chunks/8b06d_next_dist_compiled_react-server-dom-turbopack_ac66f558._.js:2640:13) @ http://localhost:3001/_next/static/chunks/8b06d_next_dist_d9ecd7c9._.js:3127
[ 1069046ms] [ERROR] Failed to load resource: the server responded with a status of 500 () @ https://saas-factory-manager.vercel.app/dashboard:0
[ 1069055ms] An error occurred in the Server Components render. The specific message is omitted in production builds to avoid leaking sensitive details. A digest property is included on this error instance which may provide additional details about the nature of the error.
